2024-05-24T07:25:58.820Z error: AxiosError: Request failed with status code 400
    at settle (D:\Advance Database\Project\Test\node_modules\axios\dist\node\axios.cjs:1983:12)
    at IncomingMessage.handleStreamEnd (D:\Advance Database\Project\Test\node_modules\axios\dist\node\axios.cjs:3085:11)
    at IncomingMessage.emit (node:events:530:35)
    at endReadableNT (node:internal/streams/readable:1696:12)
    at process.processTicksAndRejections (node:internal/process/task_queues:82:21)
    at Axios.request (D:\Advance Database\Project\Test\node_modules\axios\dist\node\axios.cjs:4224:41)
    at process.processTicksAndRejections (node:internal/process/task_queues:95:5)
    at async fetchNeoData (D:\Advance Database\Project\Test\services\neoService.js:13:26)
    at async collectHistoricalData (D:\Advance Database\Project\Test\services\neoService.js:51:26)
    at async getHistoricalData (D:\Advance Database\Project\Test\controllers\neoController.js:5:5)
2024-05-24T07:25:58.821Z error: AxiosError: Request failed with status code 400
    at settle (D:\Advance Database\Project\Test\node_modules\axios\dist\node\axios.cjs:1983:12)
    at IncomingMessage.handleStreamEnd (D:\Advance Database\Project\Test\node_modules\axios\dist\node\axios.cjs:3085:11)
    at IncomingMessage.emit (node:events:530:35)
    at endReadableNT (node:internal/streams/readable:1696:12)
    at process.processTicksAndRejections (node:internal/process/task_queues:82:21)
    at Axios.request (D:\Advance Database\Project\Test\node_modules\axios\dist\node\axios.cjs:4224:41)
    at process.processTicksAndRejections (node:internal/process/task_queues:95:5)
    at async fetchNeoData (D:\Advance Database\Project\Test\services\neoService.js:13:26)
    at async collectHistoricalData (D:\Advance Database\Project\Test\services\neoService.js:51:26)
    at async getHistoricalData (D:\Advance Database\Project\Test\controllers\neoController.js:5:5)
2024-05-24T07:26:32.246Z error: AxiosError: Request failed with status code 400
    at settle (D:\Advance Database\Project\Test\node_modules\axios\dist\node\axios.cjs:1983:12)
    at IncomingMessage.handleStreamEnd (D:\Advance Database\Project\Test\node_modules\axios\dist\node\axios.cjs:3085:11)
    at IncomingMessage.emit (node:events:530:35)
    at endReadableNT (node:internal/streams/readable:1696:12)
    at process.processTicksAndRejections (node:internal/process/task_queues:82:21)
    at Axios.request (D:\Advance Database\Project\Test\node_modules\axios\dist\node\axios.cjs:4224:41)
    at process.processTicksAndRejections (node:internal/process/task_queues:95:5)
    at async fetchNeoData (D:\Advance Database\Project\Test\services\neoService.js:13:26)
    at async collectHistoricalData (D:\Advance Database\Project\Test\services\neoService.js:51:26)
    at async getHistoricalData (D:\Advance Database\Project\Test\controllers\neoController.js:5:5)
2024-05-24T07:26:32.246Z error: AxiosError: Request failed with status code 400
    at settle (D:\Advance Database\Project\Test\node_modules\axios\dist\node\axios.cjs:1983:12)
    at IncomingMessage.handleStreamEnd (D:\Advance Database\Project\Test\node_modules\axios\dist\node\axios.cjs:3085:11)
    at IncomingMessage.emit (node:events:530:35)
    at endReadableNT (node:internal/streams/readable:1696:12)
    at process.processTicksAndRejections (node:internal/process/task_queues:82:21)
    at Axios.request (D:\Advance Database\Project\Test\node_modules\axios\dist\node\axios.cjs:4224:41)
    at process.processTicksAndRejections (node:internal/process/task_queues:95:5)
    at async fetchNeoData (D:\Advance Database\Project\Test\services\neoService.js:13:26)
    at async collectHistoricalData (D:\Advance Database\Project\Test\services\neoService.js:51:26)
    at async getHistoricalData (D:\Advance Database\Project\Test\controllers\neoController.js:5:5)
2024-05-24T07:27:12.638Z error: AxiosError: Request failed with status code 400
    at settle (D:\Advance Database\Project\Test\node_modules\axios\dist\node\axios.cjs:1983:12)
    at IncomingMessage.handleStreamEnd (D:\Advance Database\Project\Test\node_modules\axios\dist\node\axios.cjs:3085:11)
    at IncomingMessage.emit (node:events:530:35)
    at endReadableNT (node:internal/streams/readable:1696:12)
    at process.processTicksAndRejections (node:internal/process/task_queues:82:21)
    at Axios.request (D:\Advance Database\Project\Test\node_modules\axios\dist\node\axios.cjs:4224:41)
    at process.processTicksAndRejections (node:internal/process/task_queues:95:5)
    at async fetchNeoData (D:\Advance Database\Project\Test\services\neoService.js:13:26)
    at async collectHistoricalData (D:\Advance Database\Project\Test\services\neoService.js:51:26)
    at async getHistoricalData (D:\Advance Database\Project\Test\controllers\neoController.js:5:5)
2024-05-24T07:27:12.639Z error: AxiosError: Request failed with status code 400
    at settle (D:\Advance Database\Project\Test\node_modules\axios\dist\node\axios.cjs:1983:12)
    at IncomingMessage.handleStreamEnd (D:\Advance Database\Project\Test\node_modules\axios\dist\node\axios.cjs:3085:11)
    at IncomingMessage.emit (node:events:530:35)
    at endReadableNT (node:internal/streams/readable:1696:12)
    at process.processTicksAndRejections (node:internal/process/task_queues:82:21)
    at Axios.request (D:\Advance Database\Project\Test\node_modules\axios\dist\node\axios.cjs:4224:41)
    at process.processTicksAndRejections (node:internal/process/task_queues:95:5)
    at async fetchNeoData (D:\Advance Database\Project\Test\services\neoService.js:13:26)
    at async collectHistoricalData (D:\Advance Database\Project\Test\services\neoService.js:51:26)
    at async getHistoricalData (D:\Advance Database\Project\Test\controllers\neoController.js:5:5)
2024-05-24T07:28:16.845Z error: AxiosError: Request failed with status code 400
    at settle (D:\Advance Database\Project\Test\node_modules\axios\dist\node\axios.cjs:1983:12)
    at IncomingMessage.handleStreamEnd (D:\Advance Database\Project\Test\node_modules\axios\dist\node\axios.cjs:3085:11)
    at IncomingMessage.emit (node:events:530:35)
    at endReadableNT (node:internal/streams/readable:1696:12)
    at process.processTicksAndRejections (node:internal/process/task_queues:82:21)
    at Axios.request (D:\Advance Database\Project\Test\node_modules\axios\dist\node\axios.cjs:4224:41)
    at process.processTicksAndRejections (node:internal/process/task_queues:95:5)
    at async fetchNeoData (D:\Advance Database\Project\Test\services\neoService.js:13:26)
    at async collectHistoricalData (D:\Advance Database\Project\Test\services\neoService.js:51:26)
    at async getHistoricalData (D:\Advance Database\Project\Test\controllers\neoController.js:5:5)
2024-05-24T07:28:16.847Z error: AxiosError: Request failed with status code 400
    at settle (D:\Advance Database\Project\Test\node_modules\axios\dist\node\axios.cjs:1983:12)
    at IncomingMessage.handleStreamEnd (D:\Advance Database\Project\Test\node_modules\axios\dist\node\axios.cjs:3085:11)
    at IncomingMessage.emit (node:events:530:35)
    at endReadableNT (node:internal/streams/readable:1696:12)
    at process.processTicksAndRejections (node:internal/process/task_queues:82:21)
    at Axios.request (D:\Advance Database\Project\Test\node_modules\axios\dist\node\axios.cjs:4224:41)
    at process.processTicksAndRejections (node:internal/process/task_queues:95:5)
    at async fetchNeoData (D:\Advance Database\Project\Test\services\neoService.js:13:26)
    at async collectHistoricalData (D:\Advance Database\Project\Test\services\neoService.js:51:26)
    at async getHistoricalData (D:\Advance Database\Project\Test\controllers\neoController.js:5:5)
